<?xml version="1.0" encoding="UTF-8"?>
<!-- Generated by org.testng.reporters.JUnitXMLReporter -->
<testsuite hostname="ATMECSINLT-087" ignored="0" name="Test" tests="33" failures="0" timestamp="27 Sep 2019 05:18:29 GMT" time="53.933" errors="0">
  <testcase name="isRedirectionPage" time="0.1" classname="com.atmecsautomation.testscripts.HomePage"/>
  <testcase name="homePageFooter" time="2.349" classname="com.atmecsautomation.testscripts.HomePage"/>
  <testcase name="homePageFooter" time="0.866" classname="com.atmecsautomation.testscripts.HomePage"/>
  <testcase name="homePageFooter" time="0.544" classname="com.atmecsautomation.testscripts.HomePage"/>
  <testcase name="homePageFooter" time="0.553" classname="com.atmecsautomation.testscripts.HomePage"/>
  <testcase name="aboutUsFooter" time="4.699" classname="com.atmecsautomation.testscripts.HomePage"/>
  <testcase name="aboutUsFooter" time="0.645" classname="com.atmecsautomation.testscripts.HomePage"/>
  <testcase name="aboutUsFooter" time="0.344" classname="com.atmecsautomation.testscripts.HomePage"/>
  <testcase name="aboutUsFooter" time="0.453" classname="com.atmecsautomation.testscripts.HomePage"/>
  <testcase name="servicesFooter" time="5.387" classname="com.atmecsautomation.testscripts.HomePage"/>
  <testcase name="servicesFooter" time="0.592" classname="com.atmecsautomation.testscripts.HomePage"/>
  <testcase name="servicesFooter" time="0.465" classname="com.atmecsautomation.testscripts.HomePage"/>
  <testcase name="servicesFooter" time="0.409" classname="com.atmecsautomation.testscripts.HomePage"/>
  <testcase name="partnersFooter" time="4.975" classname="com.atmecsautomation.testscripts.HomePage"/>
  <testcase name="partnersFooter" time="0.532" classname="com.atmecsautomation.testscripts.HomePage"/>
  <testcase name="partnersFooter" time="0.544" classname="com.atmecsautomation.testscripts.HomePage"/>
  <testcase name="partnersFooter" time="0.622" classname="com.atmecsautomation.testscripts.HomePage"/>
  <testcase name="mediaFooter" time="2.149" classname="com.atmecsautomation.testscripts.HomePage"/>
  <testcase name="mediaFooter" time="0.564" classname="com.atmecsautomation.testscripts.HomePage"/>
  <testcase name="mediaFooter" time="0.513" classname="com.atmecsautomation.testscripts.HomePage"/>
  <testcase name="mediaFooter" time="0.433" classname="com.atmecsautomation.testscripts.HomePage"/>
  <testcase name="insightsFooter" time="2.318" classname="com.atmecsautomation.testscripts.HomePage"/>
  <testcase name="insightsFooter" time="0.428" classname="com.atmecsautomation.testscripts.HomePage"/>
  <testcase name="insightsFooter" time="0.408" classname="com.atmecsautomation.testscripts.HomePage"/>
  <testcase name="insightsFooter" time="0.549" classname="com.atmecsautomation.testscripts.HomePage"/>
  <testcase name="careersFooter" time="5.025" classname="com.atmecsautomation.testscripts.HomePage"/>
  <testcase name="careersFooter" time="0.605" classname="com.atmecsautomation.testscripts.HomePage"/>
  <testcase name="careersFooter" time="0.556" classname="com.atmecsautomation.testscripts.HomePage"/>
  <testcase name="careersFooter" time="0.521" classname="com.atmecsautomation.testscripts.HomePage"/>
  <testcase name="contactUsFooter" time="1.717" classname="com.atmecsautomation.testscripts.HomePage"/>
  <testcase name="contactUsFooter" time="0.461" classname="com.atmecsautomation.testscripts.HomePage"/>
  <testcase name="contactUsFooter" time="0.393" classname="com.atmecsautomation.testscripts.HomePage"/>
  <testcase name="contactUsFooter" time="0.412" classname="com.atmecsautomation.testscripts.HomePage"/>
</testsuite> <!-- Test -->
