<?xml version="1.0" encoding="UTF-8"?>
<!-- Generated by org.testng.reporters.JUnitXMLReporter -->
<testsuite hostname="ATMECSINLT-087" ignored="3" name="Test" tests="40" failures="0" timestamp="30 Sep 2019 11:33:31 GMT" time="86.648" errors="0">
  <testcase name="isRedirectionPage" time="0.134" classname="com.atmecsautomation.testscripts.Scenario1"/>
  <testcase name="homePageFooter" time="0.407" classname="com.atmecsautomation.testscripts.Scenario1"/>
  <testcase name="homePageFooter" time="0.339" classname="com.atmecsautomation.testscripts.Scenario1"/>
  <testcase name="homePageFooter" time="0.264" classname="com.atmecsautomation.testscripts.Scenario1"/>
  <testcase name="homePageFooter" time="0.293" classname="com.atmecsautomation.testscripts.Scenario1"/>
  <testcase name="aboutUsFooter" time="2.955" classname="com.atmecsautomation.testscripts.Scenario1"/>
  <testcase name="aboutUsFooter" time="0.258" classname="com.atmecsautomation.testscripts.Scenario1"/>
  <testcase name="aboutUsFooter" time="0.297" classname="com.atmecsautomation.testscripts.Scenario1"/>
  <testcase name="aboutUsFooter" time="0.278" classname="com.atmecsautomation.testscripts.Scenario1"/>
  <testcase name="servicesFooter" time="6.616" classname="com.atmecsautomation.testscripts.Scenario1"/>
  <testcase name="servicesFooter" time="0.245" classname="com.atmecsautomation.testscripts.Scenario1"/>
  <testcase name="servicesFooter" time="0.234" classname="com.atmecsautomation.testscripts.Scenario1"/>
  <testcase name="servicesFooter" time="0.269" classname="com.atmecsautomation.testscripts.Scenario1"/>
  <testcase name="partnersFooter" time="3.538" classname="com.atmecsautomation.testscripts.Scenario1"/>
  <testcase name="partnersFooter" time="0.248" classname="com.atmecsautomation.testscripts.Scenario1"/>
  <testcase name="partnersFooter" time="0.303" classname="com.atmecsautomation.testscripts.Scenario1"/>
  <testcase name="partnersFooter" time="0.276" classname="com.atmecsautomation.testscripts.Scenario1"/>
  <testcase name="mediaFooter" time="0.625" classname="com.atmecsautomation.testscripts.Scenario1"/>
  <testcase name="mediaFooter" time="0.195" classname="com.atmecsautomation.testscripts.Scenario1"/>
  <testcase name="mediaFooter" time="0.254" classname="com.atmecsautomation.testscripts.Scenario1"/>
  <testcase name="mediaFooter" time="0.252" classname="com.atmecsautomation.testscripts.Scenario1"/>
  <testcase name="insightsFooter" time="0.783" classname="com.atmecsautomation.testscripts.Scenario1"/>
  <testcase name="insightsFooter" time="0.265" classname="com.atmecsautomation.testscripts.Scenario1"/>
  <testcase name="insightsFooter" time="0.235" classname="com.atmecsautomation.testscripts.Scenario1"/>
  <testcase name="insightsFooter" time="0.265" classname="com.atmecsautomation.testscripts.Scenario1"/>
  <testcase name="careersFooter" time="2.975" classname="com.atmecsautomation.testscripts.Scenario1"/>
  <testcase name="careersFooter" time="0.224" classname="com.atmecsautomation.testscripts.Scenario1"/>
  <testcase name="careersFooter" time="0.239" classname="com.atmecsautomation.testscripts.Scenario1"/>
  <testcase name="careersFooter" time="0.207" classname="com.atmecsautomation.testscripts.Scenario1"/>
  <testcase name="contactUsFooter" time="15.629" classname="com.atmecsautomation.testscripts.Scenario1"/>
  <testcase name="contactUsFooter" time="0.216" classname="com.atmecsautomation.testscripts.Scenario1"/>
  <testcase name="contactUsFooter" time="0.216" classname="com.atmecsautomation.testscripts.Scenario1"/>
  <testcase name="contactUsFooter" time="0.193" classname="com.atmecsautomation.testscripts.Scenario1"/>
  <testcase name="menuOptionvalidation" time="1.103" classname="com.atmecsautomation.testscripts.Scenario1"/>
  <testcase name="menuOptionvalidation" time="0.68" classname="com.atmecsautomation.testscripts.Scenario1"/>
  <testcase name="blogPage" time="3.814" classname="com.atmecsautomation.testscripts.Scenario2"/>
  <testcase name="blogDateValidation" time="1.15" classname="com.atmecsautomation.testscripts.Scenario2"/>
  <testcase name="blogContentValidation" time="8.412" classname="com.atmecsautomation.testscripts.Scenario2"/>
  <testcase name="blogBreadcrum" time="0.196" classname="com.atmecsautomation.testscripts.Scenario2"/>
  <testcase name="errorMsgValidation" time="1.095" classname="com.atmecsautomation.testscripts.Scenario2"/>
  <testcase name="@BeforeTest intitailizeBrowser" time="0.0" classname="com.atmecsautomation.testbase.TestBase">
    <ignored/>
  </testcase> <!-- @BeforeTest intitailizeBrowser -->
  <testcase name="@BeforeSuite startReport" time="0.0" classname="com.atmecsautomation.extentreports.ExtentReport">
    <ignored/>
  </testcase> <!-- @BeforeSuite startReport -->
  <testcase name="@AfterSuite endReport" time="0.0" classname="com.atmecsautomation.extentreports.ExtentReport">
    <ignored/>
  </testcase> <!-- @AfterSuite endReport -->
</testsuite> <!-- Test -->
