<?xml version="1.0" encoding="UTF-8"?>
<!-- Generated by org.testng.reporters.JUnitXMLReporter -->
<testsuite hostname="ATMECSINLT-087" ignored="0" name="Default test" tests="5" failures="0" timestamp="30 Sep 2019 12:12:16 GMT" time="17.933" errors="0">
  <testcase name="blogPage" time="4.658" classname="com.atmecsautomation.testscripts.Scenario2"/>
  <testcase name="blogDateValidation" time="2.587" classname="com.atmecsautomation.testscripts.Scenario2"/>
  <testcase name="blogContentValidation" time="3.087" classname="com.atmecsautomation.testscripts.Scenario2"/>
  <testcase name="blogBreadcrum" time="0.289" classname="com.atmecsautomation.testscripts.Scenario2"/>
  <testcase name="errorMsgValidation" time="1.194" classname="com.atmecsautomation.testscripts.Scenario2"/>
</testsuite> <!-- Default test -->
