<?xml version="1.0" encoding="UTF-8"?>
<!-- Generated by org.testng.reporters.JUnitXMLReporter -->
<testsuite hostname="ATMECSINLT-087" ignored="3" name="Test" tests="40" failures="0" timestamp="30 Sep 2019 11:59:13 GMT" time="50.014" errors="0">
  <testcase name="isRedirectionPage" time="0.121" classname="com.atmecsautomation.testscripts.Scenario1"/>
  <testcase name="homePageFooter" time="0.421" classname="com.atmecsautomation.testscripts.Scenario1"/>
  <testcase name="homePageFooter" time="0.365" classname="com.atmecsautomation.testscripts.Scenario1"/>
  <testcase name="homePageFooter" time="0.338" classname="com.atmecsautomation.testscripts.Scenario1"/>
  <testcase name="homePageFooter" time="0.378" classname="com.atmecsautomation.testscripts.Scenario1"/>
  <testcase name="aboutUsFooter" time="4.292" classname="com.atmecsautomation.testscripts.Scenario1"/>
  <testcase name="aboutUsFooter" time="0.391" classname="com.atmecsautomation.testscripts.Scenario1"/>
  <testcase name="aboutUsFooter" time="0.348" classname="com.atmecsautomation.testscripts.Scenario1"/>
  <testcase name="aboutUsFooter" time="0.337" classname="com.atmecsautomation.testscripts.Scenario1"/>
  <testcase name="servicesFooter" time="3.079" classname="com.atmecsautomation.testscripts.Scenario1"/>
  <testcase name="servicesFooter" time="0.32" classname="com.atmecsautomation.testscripts.Scenario1"/>
  <testcase name="servicesFooter" time="0.293" classname="com.atmecsautomation.testscripts.Scenario1"/>
  <testcase name="servicesFooter" time="0.349" classname="com.atmecsautomation.testscripts.Scenario1"/>
  <testcase name="partnersFooter" time="3.171" classname="com.atmecsautomation.testscripts.Scenario1"/>
  <testcase name="partnersFooter" time="0.318" classname="com.atmecsautomation.testscripts.Scenario1"/>
  <testcase name="partnersFooter" time="0.271" classname="com.atmecsautomation.testscripts.Scenario1"/>
  <testcase name="partnersFooter" time="0.294" classname="com.atmecsautomation.testscripts.Scenario1"/>
  <testcase name="mediaFooter" time="1.06" classname="com.atmecsautomation.testscripts.Scenario1"/>
  <testcase name="mediaFooter" time="0.273" classname="com.atmecsautomation.testscripts.Scenario1"/>
  <testcase name="mediaFooter" time="0.257" classname="com.atmecsautomation.testscripts.Scenario1"/>
  <testcase name="mediaFooter" time="0.274" classname="com.atmecsautomation.testscripts.Scenario1"/>
  <testcase name="insightsFooter" time="1.064" classname="com.atmecsautomation.testscripts.Scenario1"/>
  <testcase name="insightsFooter" time="0.268" classname="com.atmecsautomation.testscripts.Scenario1"/>
  <testcase name="insightsFooter" time="0.255" classname="com.atmecsautomation.testscripts.Scenario1"/>
  <testcase name="insightsFooter" time="0.263" classname="com.atmecsautomation.testscripts.Scenario1"/>
  <testcase name="careersFooter" time="3.347" classname="com.atmecsautomation.testscripts.Scenario1"/>
  <testcase name="careersFooter" time="0.321" classname="com.atmecsautomation.testscripts.Scenario1"/>
  <testcase name="careersFooter" time="0.277" classname="com.atmecsautomation.testscripts.Scenario1"/>
  <testcase name="careersFooter" time="0.287" classname="com.atmecsautomation.testscripts.Scenario1"/>
  <testcase name="contactUsFooter" time="4.229" classname="com.atmecsautomation.testscripts.Scenario1"/>
  <testcase name="contactUsFooter" time="0.288" classname="com.atmecsautomation.testscripts.Scenario1"/>
  <testcase name="contactUsFooter" time="0.311" classname="com.atmecsautomation.testscripts.Scenario1"/>
  <testcase name="contactUsFooter" time="0.285" classname="com.atmecsautomation.testscripts.Scenario1"/>
  <testcase name="menuOptionvalidation" time="1.621" classname="com.atmecsautomation.testscripts.Scenario1"/>
  <testcase name="menuOptionvalidation" time="1.026" classname="com.atmecsautomation.testscripts.Scenario1"/>
  <testcase name="blogPage" time="3.544" classname="com.atmecsautomation.testscripts.Scenario2"/>
  <testcase name="blogDateValidation" time="2.758" classname="com.atmecsautomation.testscripts.Scenario2"/>
  <testcase name="blogContentValidation" time="3.376" classname="com.atmecsautomation.testscripts.Scenario2"/>
  <testcase name="blogBreadcrum" time="0.401" classname="com.atmecsautomation.testscripts.Scenario2"/>
  <testcase name="errorMsgValidation" time="1.172" classname="com.atmecsautomation.testscripts.Scenario2"/>
  <testcase name="@BeforeTest intitailizeBrowser" time="0.0" classname="com.atmecsautomation.testbase.TestBase">
    <ignored/>
  </testcase> <!-- @BeforeTest intitailizeBrowser -->
  <testcase name="@BeforeSuite startReport" time="0.0" classname="com.atmecsautomation.extentreports.ExtentReport">
    <ignored/>
  </testcase> <!-- @BeforeSuite startReport -->
  <testcase name="@AfterSuite endReport" time="0.0" classname="com.atmecsautomation.extentreports.ExtentReport">
    <ignored/>
  </testcase> <!-- @AfterSuite endReport -->
</testsuite> <!-- Test -->
